Using pre-set license
Built from '2021.3/staging' branch; Version is '2021.3.24f1 (cf10dcf7010d) revision 13570268'; Using compiler version '192829333'; Build Type 'Release'
OS: 'Windows 10  (10.0.19045) 64bit Professional' Language: 'pt' Physical Memory: 16053 MB
BatchMode: 1, IsHumanControllingUs: 0, StartBugReporterOnCrash: 0, Is64bit: 1, IsPro: 1

COMMAND LINE ARGUMENTS:
C:\Users\RA00297342\Desktop\Versao unity\Unity 2021.3.24f1\Editor\Unity.exe
-adb2
-batchMode
-noUpm
-name
AssetImportWorker4
-projectPath
C:/Users/RA00297342/Desktop/Versao unity/Projeto_6-_Semestre
-logFile
Logs/AssetImportWorker4.log
-srvPort
51602
Successfully changed project path to: C:/Users/RA00297342/Desktop/Versao unity/Projeto_6-_Semestre
C:/Users/RA00297342/Desktop/Versao unity/Projeto_6-_Semestre
[UnityMemory] Configuration Parameters - Can be set up in boot.config
    "memorysetup-bucket-allocator-granularity=16"
    "memorysetup-bucket-allocator-bucket-count=8"
    "memorysetup-bucket-allocator-block-size=33554432"
    "memorysetup-bucket-allocator-block-count=8"
    "memorysetup-main-allocator-block-size=16777216"
    "memorysetup-thread-allocator-block-size=16777216"
    "memorysetup-gfx-main-allocator-block-size=16777216"
    "memorysetup-gfx-thread-allocator-block-size=16777216"
    "memorysetup-cache-allocator-block-size=4194304"
    "memorysetup-typetree-allocator-block-size=2097152"
    "memorysetup-profiler-bucket-allocator-granularity=16"
    "memorysetup-profiler-bucket-allocator-bucket-count=8"
    "memorysetup-profiler-bucket-allocator-block-size=33554432"
    "memorysetup-profiler-bucket-allocator-block-count=8"
    "memorysetup-profiler-allocator-block-size=16777216"
    "memorysetup-profiler-editor-allocator-block-size=1048576"
    "memorysetup-temp-allocator-size-main=16777216"
    "memorysetup-job-temp-allocator-block-size=2097152"
    "memorysetup-job-temp-allocator-block-size-background=1048576"
    "memorysetup-job-temp-allocator-reduction-small-platforms=262144"
    "memorysetup-temp-allocator-size-background-worker=32768"
    "memorysetup-temp-allocator-size-job-worker=262144"
    "memorysetup-temp-allocator-size-preload-manager=33554432"
    "memorysetup-temp-allocator-size-nav-mesh-worker=65536"
    "memorysetup-temp-allocator-size-audio-worker=65536"
    "memorysetup-temp-allocator-size-cloud-worker=32768"
    "memorysetup-temp-allocator-size-gi-baking-worker=262144"
    "memorysetup-temp-allocator-size-gfx=262144"
Player connection [15656] Host "[IP] 172.17.13.11 [Port] 0 [Flags] 2 [Guid] 3182102586 [EditorId] 3182102586 [Version] 1048832 [Id] WindowsEditor(7,DSP-BRJ3055C9M) [Debug] 1 [PackageName] WindowsEditor [ProjectName] Editor" joined multi-casting on [225.0.0.222:54997]...

Player connection [15656] Host "[IP] 172.17.13.11 [Port] 0 [Flags] 2 [Guid] 3182102586 [EditorId] 3182102586 [Version] 1048832 [Id] WindowsEditor(7,DSP-BRJ3055C9M) [Debug] 1 [PackageName] WindowsEditor [ProjectName] Editor" joined alternative multi-casting on [225.0.0.222:34997]...

Refreshing native plugins compatible for Editor in 108.11 ms, found 3 plugins.
Preloading 0 native plugins for Editor in 0.00 ms.
Initialize engine version: 2021.3.24f1 (cf10dcf7010d)
[Subsystems] Discovering subsystems at path C:/Users/RA00297342/Desktop/Versao unity/Unity 2021.3.24f1/Editor/Data/Resources/UnitySubsystems
[Subsystems] Discovering subsystems at path C:/Users/RA00297342/Desktop/Versao unity/Projeto_6-_Semestre/Assets
GfxDevice: creating device client; threaded=0; jobified=0
Direct3D:
    Version:  Direct3D 11.0 [level 11.1]
    Renderer: NVIDIA T400 4GB (ID=0x1ff2)
    Vendor:   NVIDIA
    VRAM:     3970 MB
    Driver:   30.0.15.1165
Initialize mono
Mono path[0] = 'C:/Users/RA00297342/Desktop/Versao unity/Unity 2021.3.24f1/Editor/Data/Managed'
Mono path[1] = 'C:/Users/RA00297342/Desktop/Versao unity/Unity 2021.3.24f1/Editor/Data/MonoBleedingEdge/lib/mono/unityjit-win32'
Mono config path = 'C:/Users/RA00297342/Desktop/Versao unity/Unity 2021.3.24f1/Editor/Data/MonoBleedingEdge/etc'
Using monoOptions --debugger-agent=transport=dt_socket,embedding=1,server=y,suspend=n,address=127.0.0.1:56592
Begin MonoManager ReloadAssembly
Registering precompiled unity dll's ...
Register platform support module: C:/Users/RA00297342/Desktop/Versao unity/Unity 2021.3.24f1/Editor/Data/PlaybackEngines/WindowsStandaloneSupport/UnityEditor.WindowsStandalone.Extensions.dll
Registered in 0.003970 seconds.
Native extension for WindowsStandalone target not found
Refreshing native plugins compatible for Editor in 94.62 ms, found 3 plugins.
Preloading 0 native plugins for Editor in 0.00 ms.
Mono: successfully reloaded assembly
- Completed reload, in  0.741 seconds
Domain Reload Profiling:
	ReloadAssembly (741ms)
		BeginReloadAssembly (104ms)
			ExecutionOrderSort (0ms)
			DisableScriptedObjects (0ms)
			BackupInstance (0ms)
			ReleaseScriptingObjects (0ms)
			CreateAndSetChildDomain (1ms)
		EndReloadAssembly (527ms)
			LoadAssemblies (103ms)
			RebuildTransferFunctionScriptingTraits (0ms)
			SetupTypeCache (124ms)
			ReleaseScriptCaches (0ms)
			RebuildScriptCaches (37ms)
			SetupLoadedEditorAssemblies (308ms)
				LogAssemblyErrors (0ms)
				InitializePlatformSupportModulesInManaged (8ms)
				SetLoadedEditorAssemblies (0ms)
				RefreshPlugins (95ms)
				BeforeProcessingInitializeOnLoad (2ms)
				ProcessInitializeOnLoadAttributes (149ms)
				ProcessInitializeOnLoadMethodAttributes (54ms)
				AfterProcessingInitializeOnLoad (0ms)
				EditorAssembliesLoaded (0ms)
			ExecutionOrderSort2 (0ms)
			AwakeInstancesAfterBackupRestoration (0ms)
Platform modules already initialized, skipping
Registering precompiled user dll's ...
Registered in 0.004776 seconds.
Begin MonoManager ReloadAssembly
Symbol file LoadedFromMemory doesn't match image C:\Users\RA00297342\Desktop\Versao unity\Projeto_6-_Semestre\Library\PackageCache\com.unity.visualscripting@1.8.0\Editor\VisualScripting.Core\Dependencies\YamlDotNet\Unity.VisualScripting.YamlDotNet.dll
Symbol file LoadedFromMemory doesn't match image C:\Users\RA00297342\Desktop\Versao unity\Projeto_6-_Semestre\Library\PackageCache\com.unity.visualscripting@1.8.0\Editor\VisualScripting.Core\Dependencies\DotNetZip\Unity.VisualScripting.IonicZip.dll
Native extension for WindowsStandalone target not found
Refreshing native plugins compatible for Editor in 0.69 ms, found 3 plugins.
Preloading 0 native plugins for Editor in 0.00 ms.
Mono: successfully reloaded assembly
- Completed reload, in  1.146 seconds
Domain Reload Profiling:
	ReloadAssembly (1147ms)
		BeginReloadAssembly (105ms)
			ExecutionOrderSort (0ms)
			DisableScriptedObjects (7ms)
			BackupInstance (0ms)
			ReleaseScriptingObjects (0ms)
			CreateAndSetChildDomain (19ms)
		EndReloadAssembly (916ms)
			LoadAssemblies (71ms)
			RebuildTransferFunctionScriptingTraits (0ms)
			SetupTypeCache (315ms)
			ReleaseScriptCaches (1ms)
			RebuildScriptCaches (71ms)
			SetupLoadedEditorAssemblies (400ms)
				LogAssemblyErrors (0ms)
				InitializePlatformSupportModulesInManaged (5ms)
				SetLoadedEditorAssemblies (1ms)
				RefreshPlugins (1ms)
				BeforeProcessingInitializeOnLoad (92ms)
				ProcessInitializeOnLoadAttributes (272ms)
				ProcessInitializeOnLoadMethodAttributes (26ms)
				AfterProcessingInitializeOnLoad (4ms)
				EditorAssembliesLoaded (0ms)
			ExecutionOrderSort2 (0ms)
			AwakeInstancesAfterBackupRestoration (8ms)
Platform modules already initialized, skipping
========================================================================
Worker process is ready to serve import requests
Launched and connected shader compiler UnityShaderCompiler.exe after 0.03 seconds
Refreshing native plugins compatible for Editor in 0.69 ms, found 3 plugins.
Preloading 0 native plugins for Editor in 0.00 ms.
Unloading 3814 Unused Serialized files (Serialized files now loaded: 0)
Unloading 39 unused Assets / (1.3 MB). Loaded Objects now: 4289.
Memory consumption went from 156.8 MB to 155.5 MB.
Total: 3.462100 ms (FindLiveObjects: 0.456500 ms CreateObjectMapping: 0.144700 ms MarkObjects: 2.558700 ms  DeleteObjects: 0.300900 ms)

AssetImportParameters requested are different than current active one (requested -> active):
  custom:video-decoder-ogg-theora: a1e56fd34408186e4bbccfd4996cb3dc -> 
  custom:container-muxer-webm: aa71ff27fc2769a1b78a27578f13a17b -> 
  custom:container-demuxer-webm: 4f35f7cbe854078d1ac9338744f61a02 -> 
  custom:video-encoder-webm-vp8: eb34c28f22e8b96e1ab97ce403110664 -> 
  custom:audio-encoder-webm-vorbis: bf7c407c2cedff20999df2af8eb42d56 -> 
  custom:framework-win-MediaFoundation: 216162199b28c13a410421893ffa2e32 -> 
  custom:container-demuxer-ogg: 62fdf1f143b41e24485cea50d1cbac27 -> 
  custom:video-decoder-webm-vp8: 9c59270c3fd7afecdb556c50c9e8de78 -> 
  custom:audio-decoder-ogg-vorbis: bf7c407c2cedff20999df2af8eb42d56 -> 
========================================================================
Received Import Request.
  Time since last request: 791.980283 seconds.
  path: Assets/FishNet/Demos/Prediction V1/CharacterController/Prefabs/CharacterControllerPrediction.prefab
  artifactKey: Guid(b2991431a5f893e49937d01b6da44ff8) Importer(815301076,1909f56bfc062723c751e8b465ee728b)
Start importing Assets/FishNet/Demos/Prediction V1/CharacterController/Prefabs/CharacterControllerPrediction.prefab using Guid(b2991431a5f893e49937d01b6da44ff8) Importer(815301076,1909f56bfc062723c751e8b465ee728b)  -> (artifact id: '29ba4cac66f46a57751f62b3eb403aa1') in 0.153152 seconds 
========================================================================
Received Import Request.
  Time since last request: 118.468763 seconds.
  path: Assets/Arbusto.prefab
  artifactKey: Guid(ee2e4e63ba4652442bd9e9b07344516b) Importer(815301076,1909f56bfc062723c751e8b465ee728b)
Start importing Assets/Arbusto.prefab using Guid(ee2e4e63ba4652442bd9e9b07344516b) Importer(815301076,1909f56bfc062723c751e8b465ee728b)  -> (artifact id: 'd3b92ba80ff62362d24b709b3f3d67a5') in 0.123514 seconds 
========================================================================
Received Import Request.
  Time since last request: 88.377144 seconds.
  path: Assets/Tree 2.prefab
  artifactKey: Guid(c55558cbd93aa1544806fc73673d4aad) Importer(815301076,1909f56bfc062723c751e8b465ee728b)
Start importing Assets/Tree 2.prefab using Guid(c55558cbd93aa1544806fc73673d4aad) Importer(815301076,1909f56bfc062723c751e8b465ee728b)  -> (artifact id: '86d0aed9c72ec4c88f22f7835593d312') in 0.056252 seconds 
========================================================================
Received Import Request.
  Time since last request: 0.417593 seconds.
  path: Assets/Arbusto.prefab
  artifactKey: Guid(ee2e4e63ba4652442bd9e9b07344516b) Importer(815301076,1909f56bfc062723c751e8b465ee728b)
Start importing Assets/Arbusto.prefab using Guid(ee2e4e63ba4652442bd9e9b07344516b) Importer(815301076,1909f56bfc062723c751e8b465ee728b)  -> (artifact id: '00000000000000000000000000000000') in 0.391715 seconds  code(4) message(Build asset version error: assets/arbusto.prefab in SourceAssetDB has modification time of '2023-10-24T11:31:33.9125673Z' while content on disk has modification time of '0001-01-01T00:00:00Z' with error code 2
Stacktrace:
0x00007ff7b5b2ec7d (Unity) StackWalker::GetCurrentCallstack
0x00007ff7b5b35839 (Unity) StackWalker::ShowCallstack
0x00007ff7b6ace103 (Unity) GetStacktrace
0x00007ff7b6e71694 (Unity) GetAssetHashAndValidate
0x00007ff7b6e6cbf8 (Unity) AssetVersionBuilder::BuildHashOfSourceAssetArray
0x00007ff7b6e6a99c (Unity) AssetVersionBuilder::BuildAssetVersion
0x00007ff7b6defd14 (Unity) CreateAssetVersionBuilder
0x00007ff7b6df6816 (Unity) ImportToObjects
0x00007ff7b6df5543 (Unity) ImportAsset
0x00007ff7b6e185e1 (Unity) AssetImportWorker::Import
0x00007ff7b6e81898 (Unity) <lambda_99b277d5487eb03dd92980553670dd3c>::operator()
0x00007ff7b6ec2a52 (Unity) asio::detail::completion_handler<core::mutable_function<void __cdecl(void)>,asio::io_context::basic_executor_type<std::allocator<void>,0> >::do_complete
0x00007ff7b6eae93e (Unity) asio::detail::win_iocp_io_context::do_one
0x00007ff7b6eb05a4 (Unity) asio::detail::win_iocp_io_context::run
0x00007ff7b6ec0e3e (Unity) IOService::Run
0x00007ff7b6e9354f (Unity) AssetImportWorkerClient::Run
0x00007ff7b6e5bb63 (Unity) RunAssetImportWorkerClientV2
0x00007ff7b6e5bbeb (Unity) RunAssetImporterV2
0x00007ff7b6673028 (Unity) Application::InitializeProject
0x00007ff7b6ad8868 (Unity) WinMain
0x00007ff7b7eb96be (Unity) __scrt_common_main_seh
0x00007ffe49997344 (KERNEL32) BaseThreadInitThunk
0x00007ffe4a8226b1 (ntdll) RtlUserThreadStart
)
  ERROR: Build asset version error: assets/arbusto.prefab in SourceAssetDB has modification time of '2023-10-24T11:31:33.9125673Z' while content on disk has modification time of '0001-01-01T00:00:00Z' with error code 2
Stacktrace:
0x00007ff7b5b2ec7d (Unity) StackWalker::GetCurrentCallstack
0x00007ff7b5b35839 (Unity) StackWalker::ShowCallstack
0x00007ff7b6ace103 (Unity) GetStacktrace
0x00007ff7b6e71694 (Unity) GetAssetHashAndValidate
0x00007ff7b6e6cbf8 (Unity) AssetVersionBuilder::BuildHashOfSourceAssetArray
0x00007ff7b6e6a99c (Unity) AssetVersionBuilder::BuildAssetVersion
0x00007ff7b6defd14 (Unity) CreateAssetVersionBuilder
0x00007ff7b6df6816 (Unity) ImportToObjects
0x00007ff7b6df5543 (Unity) ImportAsset
0x00007ff7b6e185e1 (Unity) AssetImportWorker::Import
0x00007ff7b6e81898 (Unity) <lambda_99b277d5487eb03dd92980553670dd3c>::operator()
0x00007ff7b6ec2a52 (Unity) asio::detail::completion_handler<core::mutable_function<void __cdecl(void)>,asio::io_context::basic_executor_type<std::allocator<void>,0> >::do_complete
0x00007ff7b6eae93e (Unity) asio::detail::win_iocp_io_context::do_one
0x00007ff7b6eb05a4 (Unity) asio::detail::win_iocp_io_context::run
0x00007ff7b6ec0e3e (Unity) IOService::Run
0x00007ff7b6e9354f (Unity) AssetImportWorkerClient::Run
0x00007ff7b6e5bb63 (Unity) RunAssetImportWorkerClientV2
0x00007ff7b6e5bbeb (Unity) RunAssetImporterV2
0x00007ff7b6673028 (Unity) Application::InitializeProject
0x00007ff7b6ad8868 (Unity) WinMain
0x00007ff7b7eb96be (Unity) __scrt_common_main_seh
0x00007ffe49997344 (KERNEL32) BaseThreadInitThunk
0x00007ffe4a8226b1 (ntdll) RtlUserThreadStart

========================================================================
Received Import Request.
  Time since last request: 297.267526 seconds.
  path: Assets/Tree_Textures
  artifactKey: Guid(efcd9d5f77d91154fa5af6a3a53460b6) Importer(815301076,1909f56bfc062723c751e8b465ee728b)
Start importing Assets/Tree_Textures using Guid(efcd9d5f77d91154fa5af6a3a53460b6) Importer(815301076,1909f56bfc062723c751e8b465ee728b)  -> (artifact id: 'c8aa6fcef8cea890c0f26ca41bfcf707') in 0.008167 seconds 
========================================================================
Received Import Request.
  Time since last request: 0.119918 seconds.
  path: Assets/Tree_Textures/diffuse.png
  artifactKey: Guid(5a850c300f630a14e8b673b15f9c1ad6) Importer(815301076,1909f56bfc062723c751e8b465ee728b)
Start importing Assets/Tree_Textures/diffuse.png using Guid(5a850c300f630a14e8b673b15f9c1ad6) Importer(815301076,1909f56bfc062723c751e8b465ee728b)  -> (artifact id: 'cadd785e06bb43662cd95e228bee8166') in 0.125266 seconds 
========================================================================
Received Import Request.
  Time since last request: 0.000029 seconds.
  path: Assets/Tree_Textures/translucency_gloss.png
  artifactKey: Guid(2ddf327f1c902b1448aff0704a96d48e) Importer(815301076,1909f56bfc062723c751e8b465ee728b)
Start importing Assets/Tree_Textures/translucency_gloss.png using Guid(2ddf327f1c902b1448aff0704a96d48e) Importer(815301076,1909f56bfc062723c751e8b465ee728b)  -> (artifact id: '389a0052c7453d238b81e2ff27c47136') in 0.059032 seconds 
========================================================================
Received Import Request.
  Time since last request: 66.763082 seconds.
  path: Assets/Tree_Textures/tronco pinheiro.png
  artifactKey: Guid(9536f91377358d047af3348c5d2cc0aa) Importer(815301076,1909f56bfc062723c751e8b465ee728b)
Start importing Assets/Tree_Textures/tronco pinheiro.png using Guid(9536f91377358d047af3348c5d2cc0aa) Importer(815301076,1909f56bfc062723c751e8b465ee728b)  -> (artifact id: '7a00686d07ac38870b63f3532feb28f3') in 0.027513 seconds 
========================================================================
Received Import Request.
  Time since last request: 21.344525 seconds.
  path: Assets/Tree_Textures/tronco pinheiro.png
  artifactKey: Guid(9536f91377358d047af3348c5d2cc0aa) Importer(815301076,1909f56bfc062723c751e8b465ee728b)
Start importing Assets/Tree_Textures/tronco pinheiro.png using Guid(9536f91377358d047af3348c5d2cc0aa) Importer(815301076,1909f56bfc062723c751e8b465ee728b)  -> (artifact id: 'e4283c47dcee6fcc784ec788314001a4') in 0.176414 seconds 
========================================================================
Received Import Request.
  Time since last request: 76.444025 seconds.
  path: Assets/Tree 2_Textures/translucency_gloss.png
  artifactKey: Guid(5b46ef922172d8842bd64e7532de2866) Importer(815301076,1909f56bfc062723c751e8b465ee728b)
Start importing Assets/Tree 2_Textures/translucency_gloss.png using Guid(5b46ef922172d8842bd64e7532de2866) Importer(815301076,1909f56bfc062723c751e8b465ee728b)  -> (artifact id: '94e6f73206990ac69b4d1210c7057709') in 0.033489 seconds 
========================================================================
Received Import Request.
  Time since last request: 0.000028 seconds.
  path: Assets/TextMesh Pro/Examples & Extras/Textures/Wipe Pattern - Circle.psd
  artifactKey: Guid(10c49fcd9c64421db7c0133e61e55f97) Importer(815301076,1909f56bfc062723c751e8b465ee728b)
Start importing Assets/TextMesh Pro/Examples & Extras/Textures/Wipe Pattern - Circle.psd using Guid(10c49fcd9c64421db7c0133e61e55f97) Importer(815301076,1909f56bfc062723c751e8b465ee728b)  -> (artifact id: 'e1d08efd2f9f4060d560390f9b3ad6ea') in 0.106770 seconds 
========================================================================
Received Import Request.
  Time since last request: 0.000028 seconds.
  path: Assets/UnityTechnologies/EffectExamples/WaterEffects/Textures/WaterDropParticle.tif
  artifactKey: Guid(3735ed3a20c01874f9804d7e18416659) Importer(815301076,1909f56bfc062723c751e8b465ee728b)
Start importing Assets/UnityTechnologies/EffectExamples/WaterEffects/Textures/WaterDropParticle.tif using Guid(3735ed3a20c01874f9804d7e18416659) Importer(815301076,1909f56bfc062723c751e8b465ee728b)  -> (artifact id: '77359735b8d493e9af3b7b3486053fcd') in 0.036162 seconds 
========================================================================
Received Import Request.
  Time since last request: 0.000020 seconds.
  path: Assets/UnityTechnologies/EffectExamples/WeaponEffects/Textures/WaterDropsParticle.tif
  artifactKey: Guid(2ed1fb2461447634dab88e4180196c3e) Importer(815301076,1909f56bfc062723c751e8b465ee728b)
Start importing Assets/UnityTechnologies/EffectExamples/WeaponEffects/Textures/WaterDropsParticle.tif using Guid(2ed1fb2461447634dab88e4180196c3e) Importer(815301076,1909f56bfc062723c751e8b465ee728b)  -> (artifact id: 'ad599b9446812139b6f5a4e1b74062d4') in 0.029493 seconds 
Editor requested this worker to shutdown with reason: Scaling down because of idle timeout
AssetImportWorker is now disconnected from the server
Process exiting
Exiting without the bug reporter. Application will terminate with return code 0