Using pre-set license
Built from '2021.3/staging' branch; Version is '2021.3.24f1 (cf10dcf7010d) revision 13570268'; Using compiler version '192829333'; Build Type 'Release'
OS: 'Windows 11  (10.0.22621) 64bit Professional' Language: 'pt' Physical Memory: 16121 MB
BatchMode: 1, IsHumanControllingUs: 0, StartBugReporterOnCrash: 0, Is64bit: 1, IsPro: 1

COMMAND LINE ARGUMENTS:
C:\Program Files\Unity\Hub\Editor\2021.3.24f1\Editor\Unity.exe
-adb2
-batchMode
-noUpm
-name
AssetImportWorker0
-projectPath
C:/Users/Carvalho/OneDrive/Área de Trabalho/Jogos Digitais 2/Projeto_6-_Semestre
-logFile
Logs/AssetImportWorker0.log
-srvPort
62769
Successfully changed project path to: C:/Users/Carvalho/OneDrive/Área de Trabalho/Jogos Digitais 2/Projeto_6-_Semestre
C:/Users/Carvalho/OneDrive/Área de Trabalho/Jogos Digitais 2/Projeto_6-_Semestre
[UnityMemory] Configuration Parameters - Can be set up in boot.config
    "memorysetup-bucket-allocator-granularity=16"
    "memorysetup-bucket-allocator-bucket-count=8"
    "memorysetup-bucket-allocator-block-size=33554432"
    "memorysetup-bucket-allocator-block-count=8"
    "memorysetup-main-allocator-block-size=16777216"
    "memorysetup-thread-allocator-block-size=16777216"
    "memorysetup-gfx-main-allocator-block-size=16777216"
    "memorysetup-gfx-thread-allocator-block-size=16777216"
    "memorysetup-cache-allocator-block-size=4194304"
    "memorysetup-typetree-allocator-block-size=2097152"
    "memorysetup-profiler-bucket-allocator-granularity=16"
    "memorysetup-profiler-bucket-allocator-bucket-count=8"
    "memorysetup-profiler-bucket-allocator-block-size=33554432"
    "memorysetup-profiler-bucket-allocator-block-count=8"
    "memorysetup-profiler-allocator-block-size=16777216"
    "memorysetup-profiler-editor-allocator-block-size=1048576"
    "memorysetup-temp-allocator-size-main=16777216"
    "memorysetup-job-temp-allocator-block-size=2097152"
    "memorysetup-job-temp-allocator-block-size-background=1048576"
    "memorysetup-job-temp-allocator-reduction-small-platforms=262144"
    "memorysetup-temp-allocator-size-background-worker=32768"
    "memorysetup-temp-allocator-size-job-worker=262144"
    "memorysetup-temp-allocator-size-preload-manager=33554432"
    "memorysetup-temp-allocator-size-nav-mesh-worker=65536"
    "memorysetup-temp-allocator-size-audio-worker=65536"
    "memorysetup-temp-allocator-size-cloud-worker=32768"
    "memorysetup-temp-allocator-size-gi-baking-worker=262144"
    "memorysetup-temp-allocator-size-gfx=262144"
Player connection [15300] Host "[IP] 192.168.15.28 [Port] 0 [Flags] 2 [Guid] 2329903598 [EditorId] 2329903598 [Version] 1048832 [Id] WindowsEditor(7,DESKTOP-CRJVHFA) [Debug] 1 [PackageName] WindowsEditor [ProjectName] Editor" joined multi-casting on [225.0.0.222:54997]...

Player connection [15300] Host "[IP] 192.168.15.28 [Port] 0 [Flags] 2 [Guid] 2329903598 [EditorId] 2329903598 [Version] 1048832 [Id] WindowsEditor(7,DESKTOP-CRJVHFA) [Debug] 1 [PackageName] WindowsEditor [ProjectName] Editor" joined alternative multi-casting on [225.0.0.222:34997]...

Refreshing native plugins compatible for Editor in 49.54 ms, found 3 plugins.
Preloading 0 native plugins for Editor in 0.00 ms.
Initialize engine version: 2021.3.24f1 (cf10dcf7010d)
[Subsystems] Discovering subsystems at path C:/Program Files/Unity/Hub/Editor/2021.3.24f1/Editor/Data/Resources/UnitySubsystems
[Subsystems] Discovering subsystems at path C:/Users/Carvalho/OneDrive/Área de Trabalho/Jogos Digitais 2/Projeto_6-_Semestre/Assets
GfxDevice: creating device client; threaded=0; jobified=0
Direct3D:
    Version:  Direct3D 11.0 [level 11.1]
    Renderer: NVIDIA GeForce RTX 3060 (ID=0x2487)
    Vendor:   NVIDIA
    VRAM:     12124 MB
    Driver:   31.0.15.3758
Initialize mono
Mono path[0] = 'C:/Program Files/Unity/Hub/Editor/2021.3.24f1/Editor/Data/Managed'
Mono path[1] = 'C:/Program Files/Unity/Hub/Editor/2021.3.24f1/Editor/Data/MonoBleedingEdge/lib/mono/unityjit-win32'
Mono config path = 'C:/Program Files/Unity/Hub/Editor/2021.3.24f1/Editor/Data/MonoBleedingEdge/etc'
Using monoOptions --debugger-agent=transport=dt_socket,embedding=1,server=y,suspend=n,address=127.0.0.1:56792
Begin MonoManager ReloadAssembly
Registering precompiled unity dll's ...
Register platform support module: C:/Program Files/Unity/Hub/Editor/2021.3.24f1/Editor/Data/PlaybackEngines/WindowsStandaloneSupport/UnityEditor.WindowsStandalone.Extensions.dll
Registered in 0.003110 seconds.
Native extension for WindowsStandalone target not found
Refreshing native plugins compatible for Editor in 48.51 ms, found 3 plugins.
Preloading 0 native plugins for Editor in 0.00 ms.
Mono: successfully reloaded assembly
- Completed reload, in  0.391 seconds
Domain Reload Profiling:
	ReloadAssembly (391ms)
		BeginReloadAssembly (52ms)
			ExecutionOrderSort (0ms)
			DisableScriptedObjects (0ms)
			BackupInstance (0ms)
			ReleaseScriptingObjects (0ms)
			CreateAndSetChildDomain (0ms)
		EndReloadAssembly (279ms)
			LoadAssemblies (51ms)
			RebuildTransferFunctionScriptingTraits (0ms)
			SetupTypeCache (62ms)
			ReleaseScriptCaches (0ms)
			RebuildScriptCaches (15ms)
			SetupLoadedEditorAssemblies (170ms)
				LogAssemblyErrors (0ms)
				InitializePlatformSupportModulesInManaged (5ms)
				SetLoadedEditorAssemblies (0ms)
				RefreshPlugins (49ms)
				BeforeProcessingInitializeOnLoad (1ms)
				ProcessInitializeOnLoadAttributes (75ms)
				ProcessInitializeOnLoadMethodAttributes (41ms)
				AfterProcessingInitializeOnLoad (0ms)
				EditorAssembliesLoaded (0ms)
			ExecutionOrderSort2 (0ms)
			AwakeInstancesAfterBackupRestoration (0ms)
Platform modules already initialized, skipping
Registering precompiled user dll's ...
Registered in 0.003544 seconds.
Begin MonoManager ReloadAssembly
Symbol file LoadedFromMemory doesn't match image C:\Users\Carvalho\OneDrive\Área de Trabalho\Jogos Digitais 2\Projeto_6-_Semestre\Library\PackageCache\com.unity.visualscripting@1.8.0\Editor\VisualScripting.Core\Dependencies\YamlDotNet\Unity.VisualScripting.YamlDotNet.dll
Symbol file LoadedFromMemory doesn't match image C:\Users\Carvalho\OneDrive\Área de Trabalho\Jogos Digitais 2\Projeto_6-_Semestre\Library\PackageCache\com.unity.visualscripting@1.8.0\Editor\VisualScripting.Core\Dependencies\DotNetZip\Unity.VisualScripting.IonicZip.dll
Native extension for WindowsStandalone target not found
Refreshing native plugins compatible for Editor in 0.41 ms, found 3 plugins.
Preloading 0 native plugins for Editor in 0.00 ms.
Mono: successfully reloaded assembly
- Completed reload, in  0.626 seconds
Domain Reload Profiling:
	ReloadAssembly (627ms)
		BeginReloadAssembly (73ms)
			ExecutionOrderSort (0ms)
			DisableScriptedObjects (3ms)
			BackupInstance (0ms)
			ReleaseScriptingObjects (0ms)
			CreateAndSetChildDomain (13ms)
		EndReloadAssembly (486ms)
			LoadAssemblies (57ms)
			RebuildTransferFunctionScriptingTraits (0ms)
			SetupTypeCache (162ms)
			ReleaseScriptCaches (0ms)
			RebuildScriptCaches (33ms)
			SetupLoadedEditorAssemblies (217ms)
				LogAssemblyErrors (0ms)
				InitializePlatformSupportModulesInManaged (3ms)
				SetLoadedEditorAssemblies (0ms)
				RefreshPlugins (0ms)
				BeforeProcessingInitializeOnLoad (50ms)
				ProcessInitializeOnLoadAttributes (145ms)
				ProcessInitializeOnLoadMethodAttributes (13ms)
				AfterProcessingInitializeOnLoad (4ms)
				EditorAssembliesLoaded (0ms)
			ExecutionOrderSort2 (0ms)
			AwakeInstancesAfterBackupRestoration (4ms)
Platform modules already initialized, skipping
========================================================================
Worker process is ready to serve import requests
Launched and connected shader compiler UnityShaderCompiler.exe after 0.03 seconds
Refreshing native plugins compatible for Editor in 0.65 ms, found 3 plugins.
Preloading 0 native plugins for Editor in 0.00 ms.
Unloading 3814 Unused Serialized files (Serialized files now loaded: 0)
Unloading 39 unused Assets / (1.3 MB). Loaded Objects now: 4289.
Memory consumption went from 157.7 MB to 156.3 MB.
Total: 2.769300 ms (FindLiveObjects: 0.182000 ms CreateObjectMapping: 0.084000 ms MarkObjects: 2.317800 ms  DeleteObjects: 0.184900 ms)

AssetImportParameters requested are different than current active one (requested -> active):
  custom:video-decoder-ogg-theora: a1e56fd34408186e4bbccfd4996cb3dc -> 
  custom:container-muxer-webm: aa71ff27fc2769a1b78a27578f13a17b -> 
  custom:container-demuxer-webm: 4f35f7cbe854078d1ac9338744f61a02 -> 
  custom:video-encoder-webm-vp8: eb34c28f22e8b96e1ab97ce403110664 -> 
  custom:video-codec-MediaFoundation-h265: 746d11721c4dcdbdad8f713fa42b33f4 -> 
  custom:audio-encoder-webm-vorbis: bf7c407c2cedff20999df2af8eb42d56 -> 
  custom:framework-win-MediaFoundation: 216162199b28c13a410421893ffa2e32 -> 
  custom:container-demuxer-ogg: 62fdf1f143b41e24485cea50d1cbac27 -> 
  custom:video-decoder-webm-vp8: 9c59270c3fd7afecdb556c50c9e8de78 -> 
  custom:audio-decoder-ogg-vorbis: bf7c407c2cedff20999df2af8eb42d56 -> 
========================================================================
Received Import Request.
  Time since last request: 457852.873221 seconds.
  path: Assets/Tree 1.prefab
  artifactKey: Guid(de23801e8fc96c6438b59bc29e3c6112) Importer(815301076,1909f56bfc062723c751e8b465ee728b)
Start importing Assets/Tree 1.prefab using Guid(de23801e8fc96c6438b59bc29e3c6112) Importer(815301076,1909f56bfc062723c751e8b465ee728b)  -> (artifact id: 'c3cd76494a951f96a70960e2e9ad196c') in 0.109280 seconds 
========================================================================
Received Import Request.
  Time since last request: 19.473353 seconds.
  path: Assets/Terrain Material
  artifactKey: Guid(8d1b8df9e00f27f43a184425b0d4c802) Importer(815301076,1909f56bfc062723c751e8b465ee728b)
Start importing Assets/Terrain Material using Guid(8d1b8df9e00f27f43a184425b0d4c802) Importer(815301076,1909f56bfc062723c751e8b465ee728b)  -> (artifact id: '851effa18872c6e7654a8aceefb658d3') in 0.008113 seconds 
========================================================================
Received Import Request.
  Time since last request: 0.451456 seconds.
  path: Assets/Terrain Material/NewLayer 1.terrainlayer
  artifactKey: Guid(3119d45c724f4ef40a895b42118a2b0c) Importer(815301076,1909f56bfc062723c751e8b465ee728b)
Start importing Assets/Terrain Material/NewLayer 1.terrainlayer using Guid(3119d45c724f4ef40a895b42118a2b0c) Importer(815301076,1909f56bfc062723c751e8b465ee728b)  -> (artifact id: '2f29ee1c203559f33a019e53aea73a2f') in 0.020466 seconds 
========================================================================
Received Import Request.
  Time since last request: 2.105685 seconds.
  path: Assets/Terrain Material/Substance/Rock Cliff Volcanic_Normal.png
  artifactKey: Guid(634dd47055440354883ed1853b85931e) Importer(815301076,1909f56bfc062723c751e8b465ee728b)
Start importing Assets/Terrain Material/Substance/Rock Cliff Volcanic_Normal.png using Guid(634dd47055440354883ed1853b85931e) Importer(815301076,1909f56bfc062723c751e8b465ee728b)  -> (artifact id: '4e45e1f79b6012c88c7ae4ec648763cb') in 0.055416 seconds 
========================================================================
Received Import Request.
  Time since last request: 19.392807 seconds.
  path: Packages/com.unity.postprocessing/PostProcessing/Textures/LensDirt/LensDirt00.png
  artifactKey: Guid(69e847bbff1cf5449a4ee0bbd045dbc9) Importer(815301076,1909f56bfc062723c751e8b465ee728b)
Start importing Packages/com.unity.postprocessing/PostProcessing/Textures/LensDirt/LensDirt00.png using Guid(69e847bbff1cf5449a4ee0bbd045dbc9) Importer(815301076,1909f56bfc062723c751e8b465ee728b)  -> (artifact id: 'e13315076a15fe80f3b6909b7f177d7d') in 0.028885 seconds 
========================================================================
Received Import Request.
  Time since last request: 0.000018 seconds.
  path: Packages/com.unity.postprocessing/PostProcessing/Textures/LensDirt/LensDirt02.png
  artifactKey: Guid(a2960ffde020f27409e070d92fb2e00b) Importer(815301076,1909f56bfc062723c751e8b465ee728b)
Start importing Packages/com.unity.postprocessing/PostProcessing/Textures/LensDirt/LensDirt02.png using Guid(a2960ffde020f27409e070d92fb2e00b) Importer(815301076,1909f56bfc062723c751e8b465ee728b)  -> (artifact id: '16fd5b77cc6df9240e7ef50e641137ed') in 0.043727 seconds 
========================================================================
Received Import Request.
  Time since last request: 37.383000 seconds.
  path: Assets/Terrain Material/Substance
  artifactKey: Guid(c7e0c67a87b098440bbb675897e301f3) Importer(815301076,1909f56bfc062723c751e8b465ee728b)
Start importing Assets/Terrain Material/Substance using Guid(c7e0c67a87b098440bbb675897e301f3) Importer(815301076,1909f56bfc062723c751e8b465ee728b)  -> (artifact id: '2c4797d6cefb722a8e76c1d82cbd81a9') in 0.008254 seconds 
========================================================================
Received Import Request.
  Time since last request: 0.057014 seconds.
  path: Assets/Terrain Material/Substance/Rock Cliff Volcanic_BaseColor.png
  artifactKey: Guid(3751200764920754580969ada4e9c060) Importer(815301076,1909f56bfc062723c751e8b465ee728b)
Start importing Assets/Terrain Material/Substance/Rock Cliff Volcanic_BaseColor.png using Guid(3751200764920754580969ada4e9c060) Importer(815301076,1909f56bfc062723c751e8b465ee728b)  -> (artifact id: '3fe240b5dc3b1d35d42707f5eb3ce06c') in 0.014960 seconds 
========================================================================
Received Import Request.
  Time since last request: 0.000015 seconds.
  path: Assets/Terrain Material/Substance/Rock Cliff Volcanic_Specular.png
  artifactKey: Guid(98d2adb9ce304c547814c414b81902b3) Importer(815301076,1909f56bfc062723c751e8b465ee728b)
Start importing Assets/Terrain Material/Substance/Rock Cliff Volcanic_Specular.png using Guid(98d2adb9ce304c547814c414b81902b3) Importer(815301076,1909f56bfc062723c751e8b465ee728b)  -> (artifact id: 'bc6330b50f53f45388a0257777fc3615') in 0.018470 seconds 
========================================================================
Received Import Request.
  Time since last request: 0.000016 seconds.
  path: Assets/Terrain Material/Substance/Rock Cliff Volcanic_Height.png
  artifactKey: Guid(f8355039a7aaa1146acd1d93efb14f68) Importer(815301076,1909f56bfc062723c751e8b465ee728b)
Start importing Assets/Terrain Material/Substance/Rock Cliff Volcanic_Height.png using Guid(f8355039a7aaa1146acd1d93efb14f68) Importer(815301076,1909f56bfc062723c751e8b465ee728b)  -> (artifact id: 'c8acce901c11077981f93a8fefd8996a') in 0.020341 seconds 
========================================================================
Received Import Request.
  Time since last request: 258.497698 seconds.
  path: Assets/Terrain Material/Textura mountain.terrainlayer
  artifactKey: Guid(4414cf4c9736cb746a1b47bc96398e6e) Importer(815301076,1909f56bfc062723c751e8b465ee728b)
Start importing Assets/Terrain Material/Textura mountain.terrainlayer using Guid(4414cf4c9736cb746a1b47bc96398e6e) Importer(815301076,1909f56bfc062723c751e8b465ee728b)  -> (artifact id: '05da59f25fdedc60118e013217cfd5f5') in 0.012993 seconds 
