Using pre-set license
Built from '2021.3/staging' branch; Version is '2021.3.24f1 (cf10dcf7010d) revision 13570268'; Using compiler version '192829333'; Build Type 'Release'
OS: 'Windows 10  (10.0.19045) 64bit Professional' Language: 'pt' Physical Memory: 16053 MB
BatchMode: 1, IsHumanControllingUs: 0, StartBugReporterOnCrash: 0, Is64bit: 1, IsPro: 1

COMMAND LINE ARGUMENTS:
C:\Users\RA00297342\Desktop\Versao unity\Unity 2021.3.24f1\Editor\Unity.exe
-adb2
-batchMode
-noUpm
-name
AssetImportWorker6
-projectPath
C:/Users/RA00297342/Desktop/Versao unity/Projeto_6-_Semestre
-logFile
Logs/AssetImportWorker6.log
-srvPort
51602
Successfully changed project path to: C:/Users/RA00297342/Desktop/Versao unity/Projeto_6-_Semestre
C:/Users/RA00297342/Desktop/Versao unity/Projeto_6-_Semestre
[UnityMemory] Configuration Parameters - Can be set up in boot.config
    "memorysetup-bucket-allocator-granularity=16"
    "memorysetup-bucket-allocator-bucket-count=8"
    "memorysetup-bucket-allocator-block-size=33554432"
    "memorysetup-bucket-allocator-block-count=8"
    "memorysetup-main-allocator-block-size=16777216"
    "memorysetup-thread-allocator-block-size=16777216"
    "memorysetup-gfx-main-allocator-block-size=16777216"
    "memorysetup-gfx-thread-allocator-block-size=16777216"
    "memorysetup-cache-allocator-block-size=4194304"
    "memorysetup-typetree-allocator-block-size=2097152"
    "memorysetup-profiler-bucket-allocator-granularity=16"
    "memorysetup-profiler-bucket-allocator-bucket-count=8"
    "memorysetup-profiler-bucket-allocator-block-size=33554432"
    "memorysetup-profiler-bucket-allocator-block-count=8"
    "memorysetup-profiler-allocator-block-size=16777216"
    "memorysetup-profiler-editor-allocator-block-size=1048576"
    "memorysetup-temp-allocator-size-main=16777216"
    "memorysetup-job-temp-allocator-block-size=2097152"
    "memorysetup-job-temp-allocator-block-size-background=1048576"
    "memorysetup-job-temp-allocator-reduction-small-platforms=262144"
    "memorysetup-temp-allocator-size-background-worker=32768"
    "memorysetup-temp-allocator-size-job-worker=262144"
    "memorysetup-temp-allocator-size-preload-manager=33554432"
    "memorysetup-temp-allocator-size-nav-mesh-worker=65536"
    "memorysetup-temp-allocator-size-audio-worker=65536"
    "memorysetup-temp-allocator-size-cloud-worker=32768"
    "memorysetup-temp-allocator-size-gi-baking-worker=262144"
    "memorysetup-temp-allocator-size-gfx=262144"
Player connection [2468] Host "[IP] 172.17.13.11 [Port] 0 [Flags] 2 [Guid] 2687887184 [EditorId] 2687887184 [Version] 1048832 [Id] WindowsEditor(7,DSP-BRJ3055C9M) [Debug] 1 [PackageName] WindowsEditor [ProjectName] Editor" joined multi-casting on [225.0.0.222:54997]...

Player connection [2468] Host "[IP] 172.17.13.11 [Port] 0 [Flags] 2 [Guid] 2687887184 [EditorId] 2687887184 [Version] 1048832 [Id] WindowsEditor(7,DSP-BRJ3055C9M) [Debug] 1 [PackageName] WindowsEditor [ProjectName] Editor" joined alternative multi-casting on [225.0.0.222:34997]...

Refreshing native plugins compatible for Editor in 93.86 ms, found 3 plugins.
Preloading 0 native plugins for Editor in 0.00 ms.
Initialize engine version: 2021.3.24f1 (cf10dcf7010d)
[Subsystems] Discovering subsystems at path C:/Users/RA00297342/Desktop/Versao unity/Unity 2021.3.24f1/Editor/Data/Resources/UnitySubsystems
[Subsystems] Discovering subsystems at path C:/Users/RA00297342/Desktop/Versao unity/Projeto_6-_Semestre/Assets
GfxDevice: creating device client; threaded=0; jobified=0
Direct3D:
    Version:  Direct3D 11.0 [level 11.1]
    Renderer: NVIDIA T400 4GB (ID=0x1ff2)
    Vendor:   NVIDIA
    VRAM:     3970 MB
    Driver:   30.0.15.1165
Initialize mono
Mono path[0] = 'C:/Users/RA00297342/Desktop/Versao unity/Unity 2021.3.24f1/Editor/Data/Managed'
Mono path[1] = 'C:/Users/RA00297342/Desktop/Versao unity/Unity 2021.3.24f1/Editor/Data/MonoBleedingEdge/lib/mono/unityjit-win32'
Mono config path = 'C:/Users/RA00297342/Desktop/Versao unity/Unity 2021.3.24f1/Editor/Data/MonoBleedingEdge/etc'
Using monoOptions --debugger-agent=transport=dt_socket,embedding=1,server=y,suspend=n,address=127.0.0.1:56488
Begin MonoManager ReloadAssembly
Registering precompiled unity dll's ...
Register platform support module: C:/Users/RA00297342/Desktop/Versao unity/Unity 2021.3.24f1/Editor/Data/PlaybackEngines/WindowsStandaloneSupport/UnityEditor.WindowsStandalone.Extensions.dll
Registered in 0.004858 seconds.
Native extension for WindowsStandalone target not found
Refreshing native plugins compatible for Editor in 100.35 ms, found 3 plugins.
Preloading 0 native plugins for Editor in 0.00 ms.
Mono: successfully reloaded assembly
- Completed reload, in  0.756 seconds
Domain Reload Profiling:
	ReloadAssembly (757ms)
		BeginReloadAssembly (105ms)
			ExecutionOrderSort (0ms)
			DisableScriptedObjects (0ms)
			BackupInstance (0ms)
			ReleaseScriptingObjects (0ms)
			CreateAndSetChildDomain (1ms)
		EndReloadAssembly (544ms)
			LoadAssemblies (104ms)
			RebuildTransferFunctionScriptingTraits (0ms)
			SetupTypeCache (119ms)
			ReleaseScriptCaches (0ms)
			RebuildScriptCaches (35ms)
			SetupLoadedEditorAssemblies (332ms)
				LogAssemblyErrors (0ms)
				InitializePlatformSupportModulesInManaged (9ms)
				SetLoadedEditorAssemblies (0ms)
				RefreshPlugins (100ms)
				BeforeProcessingInitializeOnLoad (7ms)
				ProcessInitializeOnLoadAttributes (161ms)
				ProcessInitializeOnLoadMethodAttributes (55ms)
				AfterProcessingInitializeOnLoad (0ms)
				EditorAssembliesLoaded (0ms)
			ExecutionOrderSort2 (0ms)
			AwakeInstancesAfterBackupRestoration (0ms)
Platform modules already initialized, skipping
Registering precompiled user dll's ...
Registered in 0.005110 seconds.
Begin MonoManager ReloadAssembly
Symbol file LoadedFromMemory doesn't match image C:\Users\RA00297342\Desktop\Versao unity\Projeto_6-_Semestre\Library\PackageCache\com.unity.visualscripting@1.8.0\Editor\VisualScripting.Core\Dependencies\YamlDotNet\Unity.VisualScripting.YamlDotNet.dll
Symbol file LoadedFromMemory doesn't match image C:\Users\RA00297342\Desktop\Versao unity\Projeto_6-_Semestre\Library\PackageCache\com.unity.visualscripting@1.8.0\Editor\VisualScripting.Core\Dependencies\DotNetZip\Unity.VisualScripting.IonicZip.dll
Native extension for WindowsStandalone target not found
Refreshing native plugins compatible for Editor in 0.65 ms, found 3 plugins.
Preloading 0 native plugins for Editor in 0.00 ms.
Mono: successfully reloaded assembly
- Completed reload, in  1.126 seconds
Domain Reload Profiling:
	ReloadAssembly (1127ms)
		BeginReloadAssembly (107ms)
			ExecutionOrderSort (0ms)
			DisableScriptedObjects (7ms)
			BackupInstance (0ms)
			ReleaseScriptingObjects (0ms)
			CreateAndSetChildDomain (18ms)
		EndReloadAssembly (891ms)
			LoadAssemblies (76ms)
			RebuildTransferFunctionScriptingTraits (0ms)
			SetupTypeCache (311ms)
			ReleaseScriptCaches (1ms)
			RebuildScriptCaches (67ms)
			SetupLoadedEditorAssemblies (384ms)
				LogAssemblyErrors (0ms)
				InitializePlatformSupportModulesInManaged (5ms)
				SetLoadedEditorAssemblies (1ms)
				RefreshPlugins (1ms)
				BeforeProcessingInitializeOnLoad (91ms)
				ProcessInitializeOnLoadAttributes (257ms)
				ProcessInitializeOnLoadMethodAttributes (25ms)
				AfterProcessingInitializeOnLoad (5ms)
				EditorAssembliesLoaded (0ms)
			ExecutionOrderSort2 (0ms)
			AwakeInstancesAfterBackupRestoration (7ms)
Platform modules already initialized, skipping
========================================================================
Worker process is ready to serve import requests
Launched and connected shader compiler UnityShaderCompiler.exe after 0.04 seconds
Refreshing native plugins compatible for Editor in 0.77 ms, found 3 plugins.
Preloading 0 native plugins for Editor in 0.00 ms.
Unloading 3814 Unused Serialized files (Serialized files now loaded: 0)
Unloading 39 unused Assets / (1.3 MB). Loaded Objects now: 4289.
Memory consumption went from 157.0 MB to 155.6 MB.
Total: 3.321900 ms (FindLiveObjects: 0.424000 ms CreateObjectMapping: 0.138600 ms MarkObjects: 2.488200 ms  DeleteObjects: 0.270300 ms)

AssetImportParameters requested are different than current active one (requested -> active):
  custom:video-decoder-ogg-theora: a1e56fd34408186e4bbccfd4996cb3dc -> 
  custom:container-muxer-webm: aa71ff27fc2769a1b78a27578f13a17b -> 
  custom:container-demuxer-webm: 4f35f7cbe854078d1ac9338744f61a02 -> 
  custom:video-encoder-webm-vp8: eb34c28f22e8b96e1ab97ce403110664 -> 
  custom:audio-encoder-webm-vorbis: bf7c407c2cedff20999df2af8eb42d56 -> 
  custom:framework-win-MediaFoundation: 216162199b28c13a410421893ffa2e32 -> 
  custom:container-demuxer-ogg: 62fdf1f143b41e24485cea50d1cbac27 -> 
  custom:video-decoder-webm-vp8: 9c59270c3fd7afecdb556c50c9e8de78 -> 
  custom:audio-decoder-ogg-vorbis: bf7c407c2cedff20999df2af8eb42d56 -> 
========================================================================
Received Import Request.
  Time since last request: 2669.846368 seconds.
  path: Assets/Tree_Textures/Materials
  artifactKey: Guid(c77c7664b6e185e479ef825d854bb367) Importer(815301076,1909f56bfc062723c751e8b465ee728b)
Start importing Assets/Tree_Textures/Materials using Guid(c77c7664b6e185e479ef825d854bb367) Importer(815301076,1909f56bfc062723c751e8b465ee728b)  -> (artifact id: '418bceeae73ad5077dc84f828c6894fa') in 0.013581 seconds 
========================================================================
Received Import Request.
  Time since last request: 95.581614 seconds.
  path: Assets/Terrain_Natureza
  artifactKey: Guid(9b01d0324c2474a4eb4df26c96c5ebcb) Importer(815301076,1909f56bfc062723c751e8b465ee728b)
Start importing Assets/Terrain_Natureza using Guid(9b01d0324c2474a4eb4df26c96c5ebcb) Importer(815301076,1909f56bfc062723c751e8b465ee728b)  -> (artifact id: '0655829238b7f5de5956691c27f13937') in 0.008255 seconds 
========================================================================
Received Import Request.
  Time since last request: 19.283708 seconds.
  path: Assets/Terrain_Natureza/textura
  artifactKey: Guid(4d9ced9451371d441b334febd616bbdf) Importer(815301076,1909f56bfc062723c751e8b465ee728b)
Start importing Assets/Terrain_Natureza/textura using Guid(4d9ced9451371d441b334febd616bbdf) Importer(815301076,1909f56bfc062723c751e8b465ee728b)  -> (artifact id: '25b4f6f34136eac3595a25319e6f43ba') in 0.007635 seconds 
========================================================================
Received Import Request.
  Time since last request: 9.598491 seconds.
  path: Assets/Terrain_Natureza/Textura
  artifactKey: Guid(4d9ced9451371d441b334febd616bbdf) Importer(815301076,1909f56bfc062723c751e8b465ee728b)
Start importing Assets/Terrain_Natureza/Textura using Guid(4d9ced9451371d441b334febd616bbdf) Importer(815301076,1909f56bfc062723c751e8b465ee728b)  -> (artifact id: 'db04d27af450fed6a9bf1c41d4459d30') in 0.008175 seconds 
========================================================================
Received Import Request.
  Time since last request: 173.502831 seconds.
  path: Assets/Terrain_Natureza/Texture
  artifactKey: Guid(4d9ced9451371d441b334febd616bbdf) Importer(815301076,1909f56bfc062723c751e8b465ee728b)
Start importing Assets/Terrain_Natureza/Texture using Guid(4d9ced9451371d441b334febd616bbdf) Importer(815301076,1909f56bfc062723c751e8b465ee728b)  -> (artifact id: '68f228106737c415a4370c9264eb57b0') in 0.008539 seconds 
========================================================================
Received Import Request.
  Time since last request: 18.866982 seconds.
  path: Assets/Terrain_Natureza/Material
  artifactKey: Guid(c205af61990488e458aec513ffbaa183) Importer(815301076,1909f56bfc062723c751e8b465ee728b)
Start importing Assets/Terrain_Natureza/Material using Guid(c205af61990488e458aec513ffbaa183) Importer(815301076,1909f56bfc062723c751e8b465ee728b)  -> (artifact id: '2ad51d57b8c8bb7f7a4a9669ceb14daa') in 0.007570 seconds 
========================================================================
Received Import Request.
  Time since last request: 254.863790 seconds.
  path: Assets/Terrain_Natureza/Tree 2.prefab
  artifactKey: Guid(c55558cbd93aa1544806fc73673d4aad) Importer(815301076,1909f56bfc062723c751e8b465ee728b)
Start importing Assets/Terrain_Natureza/Tree 2.prefab using Guid(c55558cbd93aa1544806fc73673d4aad) Importer(815301076,1909f56bfc062723c751e8b465ee728b)  -> (artifact id: 'b33adf33d905c67ed039da54d0858c85') in 0.226293 seconds 
